<?xml version="1.0" encoding="UTF-8"?>
<!-- Generated by org.testng.reporters.JUnitReportReporter -->
<testsuite hostname="PAVITHRA" failures="0" tests="1" name="pojo.SpecBuilder" time="4.072" errors="0" timestamp="2024-06-17T13:45:22 IST" skipped="0">
  <testcase classname="pojo.SpecBuilder" name="objectToJson" time="4.072"/>
</testsuite> <!-- pojo.SpecBuilder -->
