<?xml version="1.0" encoding="UTF-8"?>
<!-- Generated by org.testng.reporters.JUnitReportReporter -->
<testsuite hostname="PAVITHRA" failures="0" tests="1" name="Practice.demo.StaticJson" time="18.179" errors="0" timestamp="2024-06-12T12:20:10 IST" skipped="0">
  <testcase classname="Practice.demo.StaticJson" name="statJson" time="18.179"/>
</testsuite> <!-- Practice.demo.StaticJson -->
