<?xml version="1.0" encoding="UTF-8"?>
<!-- Generated by org.testng.reporters.JUnitReportReporter -->
<testsuite hostname="PAVITHRA" failures="0" tests="1" name="Practice.demo.Oauth2" time="4.607" errors="0" timestamp="2024-06-14T22:21:23 IST" skipped="0">
  <testcase classname="Practice.demo.Oauth2" name="oAuth" time="4.607"/>
</testsuite> <!-- Practice.demo.Oauth2 -->
