<?xml version="1.0" encoding="UTF-8"?>
<!-- Generated by org.testng.reporters.JUnitReportReporter -->
<testsuite hostname="PAVITHRA" failures="0" tests="3" name="Practice.demo.ParameterJson" time="10.191" errors="0" timestamp="2024-06-12T11:58:05 IST" skipped="0">
  <testcase classname="Practice.demo.ParameterJson" name="dynJson" time="0.251"/>
  <testcase classname="Practice.demo.ParameterJson" name="dynJson" time="0.267"/>
  <testcase classname="Practice.demo.ParameterJson" name="dynJson" time="9.673"/>
</testsuite> <!-- Practice.demo.ParameterJson -->
