<?xml version="1.0" encoding="UTF-8"?>
<!-- Generated by org.testng.reporters.JUnitReportReporter -->
<testsuite hostname="PAVITHRA" failures="0" tests="1" name="Practice.demo.SumCourse" time="3.588" errors="0" timestamp="2024-06-10T16:15:41 IST" skipped="0">
  <testcase classname="Practice.demo.SumCourse" name="sumofCourse" time="3.588"/>
</testsuite> <!-- Practice.demo.SumCourse -->
