<?xml version="1.0" encoding="UTF-8"?>
<!-- Generated by org.testng.reporters.JUnitReportReporter -->
<testsuite hostname="PAVITHRA" failures="0" tests="1" name="pojo.Serialization" time="11.428" errors="0" timestamp="2024-06-17T11:22:42 IST" skipped="0">
  <testcase classname="pojo.Serialization" name="objectToJson" time="11.428"/>
</testsuite> <!-- pojo.Serialization -->
