<?xml version="1.0" encoding="UTF-8"?>
<!-- Generated by org.testng.reporters.JUnitReportReporter -->
<testsuite hostname="PAVITHRA" failures="0" tests="1" name="Practice.demo.DynamicJson" time="17.323" errors="0" timestamp="2024-06-12T11:46:28 IST" skipped="0">
  <testcase classname="Practice.demo.DynamicJson" name="dynJson" time="17.323"/>
</testsuite> <!-- Practice.demo.DynamicJson -->
